2026-02-23 02:23:03,009 - INFO - [display_utils.py:43] - Logging initialized at level INFO
2026-02-23 02:23:03,228 - INFO - [hand_tracker.py:92] - Hardware Screen Resolution: 1920x1080
2026-02-23 02:23:03,235 - INFO - [hand_tracker.py:81] - Loading non-linear distortion model...
2026-02-23 02:23:03,238 - INFO - [hand_tracker.py:105] - Calibration loaded. Camera Resolution: 4608x2592
2026-02-23 02:23:03,241 - INFO - [interactive_app.py:80] - Loaded camera intrinsics.
2026-02-23 02:23:03,244 - INFO - [hand_tracker.py:140] - Loading last used map: /home/rchandia/light_map/maps/bd514.svg
2026-02-23 02:23:03,244 - INFO - [hand_tracker.py:149] - Loading map: /home/rchandia/light_map/maps/bd514.svg
2026-02-23 02:23:03,457 - INFO - [camera.py:43] - Raspberry Pi detected. Using GStreamer pipeline.
2026-02-23 02:23:03,834 - INFO - [camera_pipeline.py:51] - Camera Pipeline started.
2026-02-23 02:23:04,401 - INFO - [camera_pipeline.py:58] - Stopping Camera Pipeline...
2026-02-23 02:23:04,540 - INFO - [camera_pipeline.py:62] - Camera Pipeline stopped.
2026-02-23 02:23:04,558 - CRITICAL - [hand_tracker.py:356] - An unhandled error occurred in the main loop: OpenCV(4.13.0) /tmp/tmp.3iiVw7Jz7t/opencv-python-4.x/opencv/modules/highgui/src/window.cpp:973: error: (-215:Assertion failed) size.width>0 && size.height>0 in function 'imshow'
Traceback (most recent call last):
  File "/home/rchandia/light_map/hand_tracker.py", line 269, in main
    cv2.imshow(window_name, output_image)
cv2.error: OpenCV(4.13.0) /tmp/tmp.3iiVw7Jz7t/opencv-python-4.x/opencv/modules/highgui/src/window.cpp:973: error: (-215:Assertion failed) size.width>0 && size.height>0 in function 'imshow'

2026-02-23 02:23:04,568 - INFO - [display_utils.py:43] - Logging initialized at level INFO
2026-02-23 02:23:04,598 - INFO - [hand_tracker.py:92] - Hardware Screen Resolution: 1920x1080
2026-02-23 02:23:04,599 - INFO - [hand_tracker.py:81] - Loading non-linear distortion model...
2026-02-23 02:23:04,601 - INFO - [hand_tracker.py:105] - Calibration loaded. Camera Resolution: 4608x2592
2026-02-23 02:23:04,602 - INFO - [interactive_app.py:80] - Loaded camera intrinsics.
2026-02-23 02:23:04,605 - INFO - [hand_tracker.py:140] - Loading last used map: /home/rchandia/light_map/maps/bd514.svg
2026-02-23 02:23:04,605 - INFO - [hand_tracker.py:149] - Loading map: /home/rchandia/light_map/maps/bd514.svg
2026-02-23 02:23:04,717 - INFO - [camera.py:43] - Raspberry Pi detected. Using GStreamer pipeline.
2026-02-23 02:23:05,001 - INFO - [camera_pipeline.py:51] - Camera Pipeline started.
2026-02-23 02:23:05,543 - INFO - [camera_pipeline.py:58] - Stopping Camera Pipeline...
2026-02-23 02:23:05,672 - INFO - [camera_pipeline.py:62] - Camera Pipeline stopped.
2026-02-23 02:23:05,687 - CRITICAL - [hand_tracker.py:356] - An unhandled error occurred in the main loop: OpenCV(4.13.0) /tmp/tmp.3iiVw7Jz7t/opencv-python-4.x/opencv/modules/highgui/src/window.cpp:973: error: (-215:Assertion failed) size.width>0 && size.height>0 in function 'imshow'
Traceback (most recent call last):
  File "/home/rchandia/light_map/hand_tracker.py", line 269, in main
    cv2.imshow(window_name, output_image)
cv2.error: OpenCV(4.13.0) /tmp/tmp.3iiVw7Jz7t/opencv-python-4.x/opencv/modules/highgui/src/window.cpp:973: error: (-215:Assertion failed) size.width>0 && size.height>0 in function 'imshow'

